Arguments: 
  C:\Program Files\nodejs\node.exe C:\Users\Aymeric\AppData\Roaming\npm\node_modules\yarn\bin\yarn.js add bs-platform --dev

PATH: 
  C:\JDK\java-se-8u41-ri\bin;C:\Program Files\Java\jdk1.8.0_241\bin;C:\Program Files (x86)\Common Files\Oracle\Java\javapath;C:\Program Files (x86)\Common Files\Intel\Shared Libraries\redist\intel64_win\compiler;C:\Program Files (x86)\Common Files\Intel\Shared Libraries\redist\intel64\compiler;C:\Program Files (x86)\Razer Chroma SDK\bin;C:\Program Files\Razer Chroma SDK\bin;C:\Program Files (x86)\Intel\iCLS Client\;C:\Program Files\Intel\iCLS Client\;C:\Windows\system32;C:\Windows;C:\Windows\System32\Wbem;C:\Windows\System32\WindowsPowerShell\v1.0\;C:\Program Files (x86)\Intel\Intel(R) Management Engine Components\DAL;C:\Program Files\Intel\Intel(R) Management Engine Components\DAL;C:\Program Files (x86)\Intel\Intel(R) Management Engine Components\IPT;C:\Program Files\Intel\Intel(R) Management Engine Components\IPT;C:\WINDOWS\system32;C:\WINDOWS;C:\WINDOWS\System32\Wbem;C:\WINDOWS\System32\WindowsPowerShell\v1.0\;C:\WINDOWS\system32\config\systemprofile\AppData\Local\Microsoft\WindowsApps;C:\Program Files (x86)\Skype\Phone\;C:\Program Files\Git\cmd;C:\MinGW\bin;C:\Program Files\Intel\WiFi\bin\;C:\Program Files\Common Files\Intel\WirelessCommon\;C:\Program Files\PuTTY\;C:\ProgramData\chocolatey\bin;C:\WINDOWS\System32\OpenSSH\;C:\Program Files\Microsoft VS Code\bin;C:\ProgramData\ComposerSetup\bin;C:\Program Files\NVIDIA Corporation\NVIDIA NvDLISR;C:\Go\bin;C:\Program Files\nodejs\;C:\Program Files (x86)\NVIDIA Corporation\PhysX\Common;C:\WINDOWS\system32;C:\WINDOWS;C:\WINDOWS\System32\Wbem;C:\WINDOWS\System32\WindowsPowerShell\v1.0\;C:\WINDOWS\System32\OpenSSH\;C:\HashiCorp\Vagrant\bin;C:\Gradle\gradle-6.2\bin;C:\Program Files\heroku\bin;C:\Program Files\PostgreSQL\12\bin;C:\Program Files\Symfony;C:\Program Files\cmder_mini;C:\Users\Aymeric\AppData\Roaming\notify.uno\;C:\SonarScanner\bin;C:\Users\Aymeric\AppData\Local\Programs\Python\Python38\Scripts\;C:\Users\Aymeric\AppData\Local\Programs\Python\Python38\;C:\Users\Aymeric\AppData\Local\Programs\Python\Python36-32\Scripts\;C:\Users\Aymeric\AppData\Local\Programs\Python\Python36-32\;C:\Users\Aymeric\AppData\Local\Microsoft\WindowsApps;C:\Users\Aymeric\AppData\Roaming\Dashlane\5.0.0.10636\bin\Firefox_Extension\{442718d9-475e-452a-b3e1-fb1ee16b8e9f}\components;C:\Users\Aymeric\AppData\Roaming\Dashlane\5.0.0.10636\ucrt;C:\Users\Aymeric\AppData\Local\GitHubDesktop\bin;C:\Users\Aymeric\AppData\Local\Microsoft\WindowsApps;C:\Users\Aymeric\Desktop\cours\Autres\trucschouettes;C:\Program Files\Microsoft VS Code\bin;C:\Program Files\MongoDB\Server\4.2\bin;C:\Users\Aymeric\Desktop\nrg2iso\nrg2iso-0.4;C:\wamp\bin\php\php7.2.4;C:\Users\Aymeric\AppData\Roaming\Composer\vendor\bin;C:\Users\Aymeric\AppData\Local\.meteor;C:\Users\Aymeric\AppData\Roaming\Dashlane\6.1907.0.17833\bin\Firefox_Extension\{442718d9-475e-452a-b3e1-fb1ee16b8e9f}\components;C:\Users\Aymeric\AppData\Roaming\Dashlane\6.1907.0.17833\ucrt;C:\Users\Aymeric\AppData\Roaming\Dashlane\6.1907.0.17833\bin\Qt;C:\Users\Aymeric\AppData\Roaming\Dashlane\6.1907.0.17833\bin\Ssl;C:\Users\Aymeric\go\bin;C:\Users\Aymeric\AppData\Local\hyper\app-3.0.2\resources\bin;C:\Users\Aymeric\AppData\Local\Yarn\Data\global\node_modules\parcel-bundler;C:\Users\Aymeric\AppData\Roaming\npm;C:\Users\Aymeric\AppData\Local\Yarn\bin;C:\Users\Aymeric\AppData\Local\Programs\Microsoft VS Code\bin;C:\Program Files\Docker Toolbox;C:\Program Files\JetBrains\IntelliJ IDEA 2019.2.3\bin;;C:\Program Files\JetBrains\WebStorm 2019.2.3\bin;;C:\wamp\bin\php\php7.3.5;C:\Users\Aymeric\AppData\Local\Google\Cloud SDK\google-cloud-sdk\bin;C:\tools\neovim\Neovim\bin;C:\Program Files\PostgreSQL\12\bin;

Yarn version: 
  1.5.1

Node version: 
  10.16.0

Platform: 
  win32 x64

npm manifest: 
  {
    "name": "site",
    "version": "1.0.0",
    "description": "",
    "main": "index.js",
    "scripts": {
      "test": "echo \"Error: no test specified\" && exit 1"
    },
    "keywords": [],
    "author": "",
    "license": "ISC",
    "devDependencies": {
      "typescript": "^3.9.5"
    }
  }

yarn manifest: 
  No manifest

Lockfile: 
  No lockfile

Trace: 
  Error: https://registry.yarnpkg.com/typescript/-/typescript-3.9.5.tgz: ENOSPC: no space left on device, write
